2025-09-02 14:43:00,866 - INFO - Set secure permissions on: C:\GC_Secure_Data\RB
2025-09-02 14:43:00,894 - INFO - Set secure permissions on: C:\GC_Secure_Data\RB\2024
2025-09-02 14:43:00,925 - INFO - Set secure permissions on: C:\GC_Secure_Data\RB\2024\01
2025-09-02 14:43:00,954 - INFO - Set secure permissions on: C:\GC_Secure_Data\RB\2024\02
2025-09-02 14:43:00,985 - INFO - Set secure permissions on: C:\GC_Secure_Data\RB\2024\03
2025-09-02 14:43:01,015 - INFO - Set secure permissions on: C:\GC_Secure_Data\RB\2024\04
2025-09-02 14:43:01,046 - INFO - Set secure permissions on: C:\GC_Secure_Data\RB\2024\05
2025-09-02 14:43:01,076 - INFO - Set secure permissions on: C:\GC_Secure_Data\RB\2024\06
2025-09-02 14:43:01,106 - INFO - Set secure permissions on: C:\GC_Secure_Data\RB\2024\07
2025-09-02 14:43:01,135 - INFO - Set secure permissions on: C:\GC_Secure_Data\RB\2024\08
2025-09-02 14:43:01,163 - INFO - Set secure permissions on: C:\GC_Secure_Data\RB\2024\09
2025-09-02 14:43:01,190 - INFO - Set secure permissions on: C:\GC_Secure_Data\RB\2024\10
2025-09-02 14:43:01,218 - INFO - Set secure permissions on: C:\GC_Secure_Data\RB\2024\11
2025-09-02 14:43:01,245 - INFO - Set secure permissions on: C:\GC_Secure_Data\RB\2024\12
2025-09-02 14:43:01,245 - INFO - Created directory structure: RB/2024/[01-12]
2025-09-02 14:43:01,273 - INFO - Set secure permissions on: C:\GC_Secure_Data\RB
2025-09-02 14:43:01,299 - INFO - Set secure permissions on: C:\GC_Secure_Data\RB\2024
2025-09-02 14:43:01,327 - INFO - Set secure permissions on: C:\GC_Secure_Data\RB\2024\01
2025-09-02 14:43:01,353 - INFO - Set secure permissions on: C:\GC_Secure_Data\RB\2024\02
2025-09-02 14:43:01,381 - INFO - Set secure permissions on: C:\GC_Secure_Data\RB\2024\03
2025-09-02 14:43:01,407 - INFO - Set secure permissions on: C:\GC_Secure_Data\RB\2024\04
2025-09-02 14:43:01,437 - INFO - Set secure permissions on: C:\GC_Secure_Data\RB\2024\05
2025-09-02 14:43:01,467 - INFO - Set secure permissions on: C:\GC_Secure_Data\RB\2024\06
2025-09-02 14:43:01,496 - INFO - Set secure permissions on: C:\GC_Secure_Data\RB\2024\07
2025-09-02 14:43:01,523 - INFO - Set secure permissions on: C:\GC_Secure_Data\RB\2024\08
2025-09-02 14:43:01,550 - INFO - Set secure permissions on: C:\GC_Secure_Data\RB\2024\09
2025-09-02 14:43:01,578 - INFO - Set secure permissions on: C:\GC_Secure_Data\RB\2024\10
2025-09-02 14:43:01,605 - INFO - Set secure permissions on: C:\GC_Secure_Data\RB\2024\11
2025-09-02 14:43:01,633 - INFO - Set secure permissions on: C:\GC_Secure_Data\RB\2024\12
2025-09-02 14:43:01,633 - INFO - Created directory structure: RB/2024/[01-12]
2025-09-02 14:43:01,662 - INFO - Set secure permissions on: C:\GC_Secure_Data\RB
2025-09-02 14:43:01,688 - INFO - Set secure permissions on: C:\GC_Secure_Data\RB\2024
2025-09-02 14:43:01,714 - INFO - Set secure permissions on: C:\GC_Secure_Data\RB\2024\01
2025-09-02 14:43:01,740 - INFO - Set secure permissions on: C:\GC_Secure_Data\RB\2024\02
2025-09-02 14:43:01,766 - INFO - Set secure permissions on: C:\GC_Secure_Data\RB\2024\03
2025-09-02 14:43:01,793 - INFO - Set secure permissions on: C:\GC_Secure_Data\RB\2024\04
2025-09-02 14:43:01,820 - INFO - Set secure permissions on: C:\GC_Secure_Data\RB\2024\05
2025-09-02 14:43:01,858 - INFO - Set secure permissions on: C:\GC_Secure_Data\RB\2024\06
2025-09-02 14:43:01,898 - INFO - Set secure permissions on: C:\GC_Secure_Data\RB\2024\07
2025-09-02 14:43:01,927 - INFO - Set secure permissions on: C:\GC_Secure_Data\RB\2024\08
2025-09-02 14:43:01,955 - INFO - Set secure permissions on: C:\GC_Secure_Data\RB\2024\09
2025-09-02 14:43:01,982 - INFO - Set secure permissions on: C:\GC_Secure_Data\RB\2024\10
2025-09-02 14:43:02,009 - INFO - Set secure permissions on: C:\GC_Secure_Data\RB\2024\11
2025-09-02 14:43:02,039 - INFO - Set secure permissions on: C:\GC_Secure_Data\RB\2024\12
2025-09-02 14:43:02,039 - INFO - Created directory structure: RB/2024/[01-12]
2025-09-02 14:43:02,066 - INFO - Set secure permissions on: C:\GC_Secure_Data\LC
2025-09-02 14:43:02,094 - INFO - Set secure permissions on: C:\GC_Secure_Data\LC\2024
2025-09-02 14:43:02,124 - INFO - Set secure permissions on: C:\GC_Secure_Data\LC\2024\01
2025-09-02 14:43:02,152 - INFO - Set secure permissions on: C:\GC_Secure_Data\LC\2024\02
2025-09-02 14:43:02,182 - INFO - Set secure permissions on: C:\GC_Secure_Data\LC\2024\03
2025-09-02 14:43:02,211 - INFO - Set secure permissions on: C:\GC_Secure_Data\LC\2024\04
2025-09-02 14:43:02,239 - INFO - Set secure permissions on: C:\GC_Secure_Data\LC\2024\05
2025-09-02 14:43:02,269 - INFO - Set secure permissions on: C:\GC_Secure_Data\LC\2024\06
2025-09-02 14:43:02,302 - INFO - Set secure permissions on: C:\GC_Secure_Data\LC\2024\07
2025-09-02 14:43:02,331 - INFO - Set secure permissions on: C:\GC_Secure_Data\LC\2024\08
2025-09-02 14:43:02,360 - INFO - Set secure permissions on: C:\GC_Secure_Data\LC\2024\09
2025-09-02 14:43:02,389 - INFO - Set secure permissions on: C:\GC_Secure_Data\LC\2024\10
2025-09-02 14:43:02,420 - INFO - Set secure permissions on: C:\GC_Secure_Data\LC\2024\11
2025-09-02 14:43:02,453 - INFO - Set secure permissions on: C:\GC_Secure_Data\LC\2024\12
2025-09-02 14:43:02,453 - INFO - Created directory structure: LC/2024/[01-12]
2025-09-02 14:43:02,482 - INFO - Set secure permissions on: C:\GC_Secure_Data\HF
2025-09-02 14:43:02,512 - INFO - Set secure permissions on: C:\GC_Secure_Data\HF\2024
2025-09-02 14:43:02,539 - INFO - Set secure permissions on: C:\GC_Secure_Data\HF\2024\01
2025-09-02 14:43:02,567 - INFO - Set secure permissions on: C:\GC_Secure_Data\HF\2024\02
2025-09-02 14:43:02,597 - INFO - Set secure permissions on: C:\GC_Secure_Data\HF\2024\03
2025-09-02 14:43:02,627 - INFO - Set secure permissions on: C:\GC_Secure_Data\HF\2024\04
2025-09-02 14:43:02,657 - INFO - Set secure permissions on: C:\GC_Secure_Data\HF\2024\05
2025-09-02 14:43:02,685 - INFO - Set secure permissions on: C:\GC_Secure_Data\HF\2024\06
2025-09-02 14:43:02,715 - INFO - Set secure permissions on: C:\GC_Secure_Data\HF\2024\07
2025-09-02 14:43:02,743 - INFO - Set secure permissions on: C:\GC_Secure_Data\HF\2024\08
2025-09-02 14:43:02,773 - INFO - Set secure permissions on: C:\GC_Secure_Data\HF\2024\09
2025-09-02 14:43:02,803 - INFO - Set secure permissions on: C:\GC_Secure_Data\HF\2024\10
2025-09-02 14:43:02,833 - INFO - Set secure permissions on: C:\GC_Secure_Data\HF\2024\11
2025-09-02 14:43:02,864 - INFO - Set secure permissions on: C:\GC_Secure_Data\HF\2024\12
2025-09-02 14:43:02,864 - INFO - Created directory structure: HF/2024/[01-12]
2025-09-02 14:43:02,893 - INFO - Set secure permissions on: C:\GC_Secure_Data\RB
2025-09-02 14:43:02,925 - INFO - Set secure permissions on: C:\GC_Secure_Data\RB\2025
2025-09-02 14:43:02,956 - INFO - Set secure permissions on: C:\GC_Secure_Data\RB\2025\01
2025-09-02 14:43:02,984 - INFO - Set secure permissions on: C:\GC_Secure_Data\RB\2025\02
2025-09-02 14:43:03,013 - INFO - Set secure permissions on: C:\GC_Secure_Data\RB\2025\03
2025-09-02 14:43:03,042 - INFO - Set secure permissions on: C:\GC_Secure_Data\RB\2025\04
2025-09-02 14:43:03,079 - INFO - Set secure permissions on: C:\GC_Secure_Data\RB\2025\05
2025-09-02 14:43:03,108 - INFO - Set secure permissions on: C:\GC_Secure_Data\RB\2025\06
2025-09-02 14:43:03,138 - INFO - Set secure permissions on: C:\GC_Secure_Data\RB\2025\07
2025-09-02 14:43:03,169 - INFO - Set secure permissions on: C:\GC_Secure_Data\RB\2025\08
2025-09-02 14:43:03,202 - INFO - Set secure permissions on: C:\GC_Secure_Data\RB\2025\09
2025-09-02 14:43:03,231 - INFO - Set secure permissions on: C:\GC_Secure_Data\RB\2025\10
2025-09-02 14:43:03,262 - INFO - Set secure permissions on: C:\GC_Secure_Data\RB\2025\11
2025-09-02 14:43:03,291 - INFO - Set secure permissions on: C:\GC_Secure_Data\RB\2025\12
2025-09-02 14:43:03,291 - INFO - Created directory structure: RB/2025/[01-12]
2025-09-02 14:43:03,321 - INFO - Set secure permissions on: C:\GC_Secure_Data\LC
2025-09-02 14:43:03,351 - INFO - Set secure permissions on: C:\GC_Secure_Data\LC\2023
2025-09-02 14:43:03,381 - INFO - Set secure permissions on: C:\GC_Secure_Data\LC\2023\01
2025-09-02 14:43:03,412 - INFO - Set secure permissions on: C:\GC_Secure_Data\LC\2023\02
2025-09-02 14:43:03,441 - INFO - Set secure permissions on: C:\GC_Secure_Data\LC\2023\03
2025-09-02 14:43:03,475 - INFO - Set secure permissions on: C:\GC_Secure_Data\LC\2023\04
2025-09-02 14:43:03,506 - INFO - Set secure permissions on: C:\GC_Secure_Data\LC\2023\05
2025-09-02 14:43:03,535 - INFO - Set secure permissions on: C:\GC_Secure_Data\LC\2023\06
2025-09-02 14:43:03,564 - INFO - Set secure permissions on: C:\GC_Secure_Data\LC\2023\07
2025-09-02 14:43:03,595 - INFO - Set secure permissions on: C:\GC_Secure_Data\LC\2023\08
2025-09-02 14:43:03,626 - INFO - Set secure permissions on: C:\GC_Secure_Data\LC\2023\09
2025-09-02 14:43:03,658 - INFO - Set secure permissions on: C:\GC_Secure_Data\LC\2023\10
2025-09-02 14:43:03,687 - INFO - Set secure permissions on: C:\GC_Secure_Data\LC\2023\11
2025-09-02 14:43:03,714 - INFO - Set secure permissions on: C:\GC_Secure_Data\LC\2023\12
2025-09-02 14:43:03,714 - INFO - Created directory structure: LC/2023/[01-12]
2025-09-02 14:43:03,744 - INFO - Set secure permissions on: C:\GC_Secure_Data\LC
2025-09-02 14:43:03,771 - INFO - Set secure permissions on: C:\GC_Secure_Data\LC\2024
2025-09-02 14:43:03,801 - INFO - Set secure permissions on: C:\GC_Secure_Data\LC\2024\01
2025-09-02 14:43:03,830 - INFO - Set secure permissions on: C:\GC_Secure_Data\LC\2024\02
2025-09-02 14:43:03,859 - INFO - Set secure permissions on: C:\GC_Secure_Data\LC\2024\03
2025-09-02 14:43:03,887 - INFO - Set secure permissions on: C:\GC_Secure_Data\LC\2024\04
2025-09-02 14:43:03,915 - INFO - Set secure permissions on: C:\GC_Secure_Data\LC\2024\05
2025-09-02 14:43:03,946 - INFO - Set secure permissions on: C:\GC_Secure_Data\LC\2024\06
2025-09-02 14:43:03,978 - INFO - Set secure permissions on: C:\GC_Secure_Data\LC\2024\07
2025-09-02 14:43:04,008 - INFO - Set secure permissions on: C:\GC_Secure_Data\LC\2024\08
2025-09-02 14:43:04,039 - INFO - Set secure permissions on: C:\GC_Secure_Data\LC\2024\09
2025-09-02 14:43:04,068 - INFO - Set secure permissions on: C:\GC_Secure_Data\LC\2024\10
2025-09-02 14:43:04,100 - INFO - Set secure permissions on: C:\GC_Secure_Data\LC\2024\11
2025-09-02 14:43:04,132 - INFO - Set secure permissions on: C:\GC_Secure_Data\LC\2024\12
2025-09-02 14:43:04,132 - INFO - Created directory structure: LC/2024/[01-12]
2025-09-02 14:43:04,162 - INFO - Set secure permissions on: C:\GC_Secure_Data\LC
2025-09-02 14:43:04,193 - INFO - Set secure permissions on: C:\GC_Secure_Data\LC\2025
2025-09-02 14:43:04,233 - INFO - Set secure permissions on: C:\GC_Secure_Data\LC\2025\01
2025-09-02 14:43:04,262 - INFO - Set secure permissions on: C:\GC_Secure_Data\LC\2025\02
2025-09-02 14:43:04,291 - INFO - Set secure permissions on: C:\GC_Secure_Data\LC\2025\03
2025-09-02 14:43:04,319 - INFO - Set secure permissions on: C:\GC_Secure_Data\LC\2025\04
2025-09-02 14:43:04,348 - INFO - Set secure permissions on: C:\GC_Secure_Data\LC\2025\05
2025-09-02 14:43:04,378 - INFO - Set secure permissions on: C:\GC_Secure_Data\LC\2025\06
2025-09-02 14:43:04,406 - INFO - Set secure permissions on: C:\GC_Secure_Data\LC\2025\07
2025-09-02 14:43:04,435 - INFO - Set secure permissions on: C:\GC_Secure_Data\LC\2025\08
2025-09-02 14:43:04,465 - INFO - Set secure permissions on: C:\GC_Secure_Data\LC\2025\09
2025-09-02 14:43:04,495 - INFO - Set secure permissions on: C:\GC_Secure_Data\LC\2025\10
2025-09-02 14:43:04,523 - INFO - Set secure permissions on: C:\GC_Secure_Data\LC\2025\11
2025-09-02 14:43:04,552 - INFO - Set secure permissions on: C:\GC_Secure_Data\LC\2025\12
2025-09-02 14:43:04,552 - INFO - Created directory structure: LC/2025/[01-12]
2025-09-02 14:50:25,831 - INFO - Set permissions on: C:\GC_Secure_Data\RB
2025-09-02 14:50:25,862 - INFO - Set permissions on: C:\GC_Secure_Data\RB\2024
2025-09-02 14:50:25,891 - INFO - Set permissions on: C:\GC_Secure_Data\RB\2024\01
2025-09-02 14:50:25,920 - INFO - Set permissions on: C:\GC_Secure_Data\RB\2024\02
2025-09-02 14:50:25,950 - INFO - Set permissions on: C:\GC_Secure_Data\RB\2024\03
2025-09-02 14:50:25,980 - INFO - Set permissions on: C:\GC_Secure_Data\RB\2024\04
2025-09-02 14:50:26,010 - INFO - Set permissions on: C:\GC_Secure_Data\RB\2024\05
2025-09-02 14:50:26,038 - INFO - Set permissions on: C:\GC_Secure_Data\RB\2024\06
2025-09-02 14:50:26,065 - INFO - Set permissions on: C:\GC_Secure_Data\RB\2024\07
2025-09-02 14:50:26,092 - INFO - Set permissions on: C:\GC_Secure_Data\RB\2024\08
2025-09-02 14:50:26,118 - INFO - Set permissions on: C:\GC_Secure_Data\RB\2024\09
2025-09-02 14:50:26,146 - INFO - Set permissions on: C:\GC_Secure_Data\RB\2024\10
2025-09-02 14:50:26,172 - INFO - Set permissions on: C:\GC_Secure_Data\RB\2024\11
2025-09-02 14:50:26,200 - INFO - Set permissions on: C:\GC_Secure_Data\RB\2024\12
2025-09-02 14:50:26,200 - INFO - Created directory structure: RB/2024/[01-12]
